{"C:\\Users\\rafae\\Documents\\projects\\golden-raspberry-awards\\src\\App.tsx": {"path":"C:\\Users\\rafae\\Documents\\projects\\golden-raspberry-awards\\src\\App.tsx","all":false,"statementMap":{"0":{"start":{"line":1,"column":0},"end":{"line":1,"column":44}},"1":{"start":{"line":2,"column":0},"end":{"line":2,"column":49}},"2":{"start":{"line":3,"column":0},"end":{"line":3,"column":41}},"3":{"start":{"line":4,"column":0},"end":{"line":4,"column":43}},"4":{"start":{"line":5,"column":0},"end":{"line":5,"column":42}},"5":{"start":{"line":6,"column":0},"end":{"line":6,"column":32}},"6":{"start":{"line":7,"column":0},"end":{"line":7,"column":0}},"7":{"start":{"line":8,"column":0},"end":{"line":8,"column":16}},"8":{"start":{"line":9,"column":0},"end":{"line":9,"column":68}},"9":{"start":{"line":10,"column":0},"end":{"line":10,"column":63}},"10":{"start":{"line":11,"column":0},"end":{"line":11,"column":0}},"11":{"start":{"line":12,"column":0},"end":{"line":12,"column":19}},"12":{"start":{"line":13,"column":0},"end":{"line":13,"column":52}},"13":{"start":{"line":14,"column":0},"end":{"line":14,"column":18}},"14":{"start":{"line":15,"column":0},"end":{"line":15,"column":57}},"15":{"start":{"line":16,"column":0},"end":{"line":16,"column":6}},"16":{"start":{"line":17,"column":0},"end":{"line":17,"column":9}},"17":{"start":{"line":18,"column":0},"end":{"line":18,"column":0}},"18":{"start":{"line":19,"column":0},"end":{"line":19,"column":10}},"19":{"start":{"line":20,"column":0},"end":{"line":20,"column":6}},"20":{"start":{"line":21,"column":0},"end":{"line":21,"column":16}},"21":{"start":{"line":22,"column":0},"end":{"line":22,"column":38}},"22":{"start":{"line":23,"column":0},"end":{"line":23,"column":45}},"23":{"start":{"line":24,"column":0},"end":{"line":24,"column":33}},"24":{"start":{"line":25,"column":0},"end":{"line":25,"column":18}},"25":{"start":{"line":26,"column":0},"end":{"line":26,"column":63}},"26":{"start":{"line":27,"column":0},"end":{"line":27,"column":54}},"27":{"start":{"line":28,"column":0},"end":{"line":28,"column":53}},"28":{"start":{"line":29,"column":0},"end":{"line":29,"column":19}},"29":{"start":{"line":30,"column":0},"end":{"line":30,"column":14}},"30":{"start":{"line":31,"column":0},"end":{"line":31,"column":12}},"31":{"start":{"line":32,"column":0},"end":{"line":32,"column":7}},"32":{"start":{"line":33,"column":0},"end":{"line":33,"column":4}},"33":{"start":{"line":34,"column":0},"end":{"line":34,"column":1}},"34":{"start":{"line":35,"column":0},"end":{"line":35,"column":0}},"35":{"start":{"line":36,"column":0},"end":{"line":36,"column":19}}},"s":{"0":1,"1":1,"2":1,"3":1,"4":1,"5":1,"6":1,"7":3,"8":3,"9":3,"10":3,"11":3,"12":2,"13":2,"14":2,"15":2,"16":3,"17":3,"18":3,"19":3,"20":3,"21":3,"22":3,"23":3,"24":3,"25":3,"26":3,"27":3,"28":3,"29":3,"30":3,"31":3,"32":3,"33":3,"34":1,"35":1},"branchMap":{"0":{"type":"branch","line":8,"loc":{"start":{"line":8,"column":0},"end":{"line":34,"column":1}},"locations":[{"start":{"line":8,"column":0},"end":{"line":34,"column":1}}]},"1":{"type":"branch","line":12,"loc":{"start":{"line":12,"column":12},"end":{"line":17,"column":5}},"locations":[{"start":{"line":12,"column":12},"end":{"line":17,"column":5}}]},"2":{"type":"branch","line":14,"loc":{"start":{"line":14,"column":11},"end":{"line":16,"column":6}},"locations":[{"start":{"line":14,"column":11},"end":{"line":16,"column":6}}]}},"b":{"0":[3],"1":[2],"2":[2]},"fnMap":{"0":{"name":"App","decl":{"start":{"line":8,"column":0},"end":{"line":34,"column":1}},"loc":{"start":{"line":8,"column":0},"end":{"line":34,"column":1}},"line":8},"1":{"name":"handleResize","decl":{"start":{"line":10,"column":23},"end":{"line":10,"column":63}},"loc":{"start":{"line":10,"column":23},"end":{"line":10,"column":63}},"line":10}},"f":{"0":3,"1":0}}
,"C:\\Users\\rafae\\Documents\\projects\\golden-raspberry-awards\\src\\main.tsx": {"path":"C:\\Users\\rafae\\Documents\\projects\\golden-raspberry-awards\\src\\main.tsx","all":true,"statementMap":{"0":{"start":{"line":1,"column":0},"end":{"line":1,"column":26}},"1":{"start":{"line":2,"column":0},"end":{"line":2,"column":45}},"2":{"start":{"line":3,"column":0},"end":{"line":3,"column":28}},"3":{"start":{"line":4,"column":0},"end":{"line":4,"column":20}},"4":{"start":{"line":5,"column":0},"end":{"line":5,"column":59}},"5":{"start":{"line":6,"column":0},"end":{"line":6,"column":0}},"6":{"start":{"line":7,"column":0},"end":{"line":7,"column":61}},"7":{"start":{"line":8,"column":0},"end":{"line":8,"column":20}},"8":{"start":{"line":9,"column":0},"end":{"line":9,"column":12}},"9":{"start":{"line":10,"column":0},"end":{"line":10,"column":13}},"10":{"start":{"line":11,"column":0},"end":{"line":11,"column":13}},"11":{"start":{"line":12,"column":0},"end":{"line":12,"column":21}},"12":{"start":{"line":13,"column":0},"end":{"line":13,"column":2}}},"s":{"0":0,"1":0,"2":0,"3":0,"4":0,"5":0,"6":0,"7":0,"8":0,"9":0,"10":0,"11":0,"12":0},"branchMap":{"0":{"type":"branch","line":1,"loc":{"start":{"line":1,"column":332},"end":{"line":13,"column":2}},"locations":[{"start":{"line":1,"column":332},"end":{"line":13,"column":2}}]}},"b":{"0":[0]},"fnMap":{"0":{"name":"(empty-report)","decl":{"start":{"line":1,"column":332},"end":{"line":13,"column":2}},"loc":{"start":{"line":1,"column":332},"end":{"line":13,"column":2}},"line":1}},"f":{"0":0}}
,"C:\\Users\\rafae\\Documents\\projects\\golden-raspberry-awards\\src\\components\\Backdrop\\index.tsx": {"path":"C:\\Users\\rafae\\Documents\\projects\\golden-raspberry-awards\\src\\components\\Backdrop\\index.tsx","all":false,"statementMap":{"0":{"start":{"line":1,"column":0},"end":{"line":1,"column":33}},"1":{"start":{"line":2,"column":0},"end":{"line":2,"column":22}},"2":{"start":{"line":3,"column":0},"end":{"line":3,"column":0}},"3":{"start":{"line":4,"column":0},"end":{"line":4,"column":21}},"4":{"start":{"line":5,"column":0},"end":{"line":5,"column":21}},"5":{"start":{"line":6,"column":0},"end":{"line":6,"column":1}},"6":{"start":{"line":7,"column":0},"end":{"line":7,"column":0}},"7":{"start":{"line":8,"column":0},"end":{"line":8,"column":48}},"8":{"start":{"line":9,"column":0},"end":{"line":9,"column":10}},"9":{"start":{"line":10,"column":0},"end":{"line":10,"column":6}},"10":{"start":{"line":11,"column":0},"end":{"line":11,"column":21}},"11":{"start":{"line":12,"column":0},"end":{"line":12,"column":140}},"12":{"start":{"line":13,"column":0},"end":{"line":13,"column":21}},"13":{"start":{"line":14,"column":0},"end":{"line":14,"column":14}},"14":{"start":{"line":15,"column":0},"end":{"line":15,"column":8}},"15":{"start":{"line":16,"column":0},"end":{"line":16,"column":7}},"16":{"start":{"line":17,"column":0},"end":{"line":17,"column":4}},"17":{"start":{"line":18,"column":0},"end":{"line":18,"column":2}},"18":{"start":{"line":19,"column":0},"end":{"line":19,"column":0}},"19":{"start":{"line":20,"column":0},"end":{"line":20,"column":24}}},"s":{"0":1,"1":1,"2":1,"3":1,"4":1,"5":1,"6":1,"7":1,"8":6,"9":6,"10":6,"11":5,"12":5,"13":5,"14":6,"15":6,"16":6,"17":6,"18":1,"19":1},"branchMap":{"0":{"type":"branch","line":8,"loc":{"start":{"line":8,"column":17},"end":{"line":18,"column":2}},"locations":[{"start":{"line":8,"column":17},"end":{"line":18,"column":2}}]},"1":{"type":"branch","line":11,"loc":{"start":{"line":11,"column":7},"end":{"line":14,"column":14}},"locations":[{"start":{"line":11,"column":7},"end":{"line":14,"column":14}}]}},"b":{"0":[6],"1":[5]},"fnMap":{"0":{"name":"Backdrop","decl":{"start":{"line":8,"column":17},"end":{"line":18,"column":2}},"loc":{"start":{"line":8,"column":17},"end":{"line":18,"column":2}},"line":8}},"f":{"0":6}}
,"C:\\Users\\rafae\\Documents\\projects\\golden-raspberry-awards\\src\\components\\Navbar\\index.tsx": {"path":"C:\\Users\\rafae\\Documents\\projects\\golden-raspberry-awards\\src\\components\\Navbar\\index.tsx","all":false,"statementMap":{"0":{"start":{"line":1,"column":0},"end":{"line":1,"column":22}},"1":{"start":{"line":2,"column":0},"end":{"line":2,"column":0}},"2":{"start":{"line":3,"column":0},"end":{"line":3,"column":19}},"3":{"start":{"line":4,"column":0},"end":{"line":4,"column":10}},"4":{"start":{"line":5,"column":0},"end":{"line":5,"column":28}},"5":{"start":{"line":6,"column":0},"end":{"line":6,"column":11}},"6":{"start":{"line":7,"column":0},"end":{"line":7,"column":36}},"7":{"start":{"line":8,"column":0},"end":{"line":8,"column":12}},"8":{"start":{"line":9,"column":0},"end":{"line":9,"column":10}},"9":{"start":{"line":10,"column":0},"end":{"line":10,"column":4}},"10":{"start":{"line":11,"column":0},"end":{"line":11,"column":1}},"11":{"start":{"line":12,"column":0},"end":{"line":12,"column":0}},"12":{"start":{"line":13,"column":0},"end":{"line":13,"column":22}}},"s":{"0":1,"1":1,"2":3,"3":3,"4":3,"5":3,"6":3,"7":3,"8":3,"9":3,"10":3,"11":1,"12":1},"branchMap":{"0":{"type":"branch","line":3,"loc":{"start":{"line":3,"column":0},"end":{"line":11,"column":1}},"locations":[{"start":{"line":3,"column":0},"end":{"line":11,"column":1}}]}},"b":{"0":[3]},"fnMap":{"0":{"name":"Navbar","decl":{"start":{"line":3,"column":0},"end":{"line":11,"column":1}},"loc":{"start":{"line":3,"column":0},"end":{"line":11,"column":1}},"line":3}},"f":{"0":3}}
,"C:\\Users\\rafae\\Documents\\projects\\golden-raspberry-awards\\src\\components\\Pagination\\index.tsx": {"path":"C:\\Users\\rafae\\Documents\\projects\\golden-raspberry-awards\\src\\components\\Pagination\\index.tsx","all":false,"statementMap":{"0":{"start":{"line":1,"column":0},"end":{"line":1,"column":70}},"1":{"start":{"line":2,"column":0},"end":{"line":2,"column":81}},"2":{"start":{"line":3,"column":0},"end":{"line":3,"column":22}},"3":{"start":{"line":4,"column":0},"end":{"line":4,"column":0}},"4":{"start":{"line":5,"column":0},"end":{"line":5,"column":23}},"5":{"start":{"line":6,"column":0},"end":{"line":6,"column":22}},"6":{"start":{"line":7,"column":0},"end":{"line":7,"column":51}},"7":{"start":{"line":8,"column":0},"end":{"line":8,"column":21}},"8":{"start":{"line":9,"column":0},"end":{"line":9,"column":1}},"9":{"start":{"line":10,"column":0},"end":{"line":10,"column":0}},"10":{"start":{"line":11,"column":0},"end":{"line":11,"column":41}},"11":{"start":{"line":12,"column":0},"end":{"line":12,"column":60}},"12":{"start":{"line":13,"column":0},"end":{"line":13,"column":64}},"13":{"start":{"line":14,"column":0},"end":{"line":14,"column":64}},"14":{"start":{"line":15,"column":0},"end":{"line":15,"column":0}},"15":{"start":{"line":16,"column":0},"end":{"line":16,"column":58}},"16":{"start":{"line":17,"column":0},"end":{"line":17,"column":0}},"17":{"start":{"line":18,"column":0},"end":{"line":18,"column":32}},"18":{"start":{"line":19,"column":0},"end":{"line":19,"column":29}},"19":{"start":{"line":20,"column":0},"end":{"line":20,"column":80}},"20":{"start":{"line":21,"column":0},"end":{"line":21,"column":73}},"21":{"start":{"line":22,"column":0},"end":{"line":22,"column":27}},"22":{"start":{"line":23,"column":0},"end":{"line":23,"column":48}},"23":{"start":{"line":24,"column":0},"end":{"line":24,"column":26}},"24":{"start":{"line":25,"column":0},"end":{"line":25,"column":5}},"25":{"start":{"line":26,"column":0},"end":{"line":26,"column":23}},"26":{"start":{"line":27,"column":0},"end":{"line":27,"column":4}},"27":{"start":{"line":28,"column":0},"end":{"line":28,"column":0}},"28":{"start":{"line":29,"column":0},"end":{"line":29,"column":30}},"29":{"start":{"line":30,"column":0},"end":{"line":30,"column":26}},"30":{"start":{"line":31,"column":0},"end":{"line":31,"column":51}},"31":{"start":{"line":32,"column":0},"end":{"line":32,"column":31}},"32":{"start":{"line":33,"column":0},"end":{"line":33,"column":5}},"33":{"start":{"line":34,"column":0},"end":{"line":34,"column":4}},"34":{"start":{"line":35,"column":0},"end":{"line":35,"column":0}},"35":{"start":{"line":36,"column":0},"end":{"line":36,"column":31}},"36":{"start":{"line":37,"column":0},"end":{"line":37,"column":26}},"37":{"start":{"line":38,"column":0},"end":{"line":38,"column":24}},"38":{"start":{"line":39,"column":0},"end":{"line":39,"column":31}},"39":{"start":{"line":40,"column":0},"end":{"line":40,"column":5}},"40":{"start":{"line":41,"column":0},"end":{"line":41,"column":4}},"41":{"start":{"line":42,"column":0},"end":{"line":42,"column":0}},"42":{"start":{"line":43,"column":0},"end":{"line":43,"column":26}},"43":{"start":{"line":44,"column":0},"end":{"line":44,"column":37}},"44":{"start":{"line":45,"column":0},"end":{"line":45,"column":51}},"45":{"start":{"line":46,"column":0},"end":{"line":46,"column":12}},"46":{"start":{"line":47,"column":0},"end":{"line":47,"column":31}},"47":{"start":{"line":48,"column":0},"end":{"line":48,"column":5}},"48":{"start":{"line":49,"column":0},"end":{"line":49,"column":4}},"49":{"start":{"line":50,"column":0},"end":{"line":50,"column":0}},"50":{"start":{"line":51,"column":0},"end":{"line":51,"column":33}},"51":{"start":{"line":52,"column":0},"end":{"line":52,"column":35}},"52":{"start":{"line":53,"column":0},"end":{"line":53,"column":33}},"53":{"start":{"line":54,"column":0},"end":{"line":54,"column":31}},"54":{"start":{"line":55,"column":0},"end":{"line":55,"column":5}},"55":{"start":{"line":56,"column":0},"end":{"line":56,"column":4}},"56":{"start":{"line":57,"column":0},"end":{"line":57,"column":0}},"57":{"start":{"line":58,"column":0},"end":{"line":58,"column":34}},"58":{"start":{"line":59,"column":0},"end":{"line":59,"column":11}},"59":{"start":{"line":60,"column":0},"end":{"line":60,"column":19}},"60":{"start":{"line":61,"column":0},"end":{"line":61,"column":32}},"61":{"start":{"line":62,"column":0},"end":{"line":62,"column":36}},"62":{"start":{"line":63,"column":0},"end":{"line":63,"column":61}},"63":{"start":{"line":64,"column":0},"end":{"line":64,"column":32}},"64":{"start":{"line":65,"column":0},"end":{"line":65,"column":5}},"65":{"start":{"line":66,"column":0},"end":{"line":66,"column":21}},"66":{"start":{"line":67,"column":0},"end":{"line":67,"column":13}},"67":{"start":{"line":68,"column":0},"end":{"line":68,"column":4}},"68":{"start":{"line":69,"column":0},"end":{"line":69,"column":0}},"69":{"start":{"line":70,"column":0},"end":{"line":70,"column":39}},"70":{"start":{"line":71,"column":0},"end":{"line":71,"column":11}},"71":{"start":{"line":72,"column":0},"end":{"line":72,"column":19}},"72":{"start":{"line":73,"column":0},"end":{"line":73,"column":29}},"73":{"start":{"line":74,"column":0},"end":{"line":74,"column":37}},"74":{"start":{"line":75,"column":0},"end":{"line":75,"column":62}},"75":{"start":{"line":76,"column":0},"end":{"line":76,"column":32}},"76":{"start":{"line":77,"column":0},"end":{"line":77,"column":5}},"77":{"start":{"line":78,"column":0},"end":{"line":78,"column":18}},"78":{"start":{"line":79,"column":0},"end":{"line":79,"column":13}},"79":{"start":{"line":80,"column":0},"end":{"line":80,"column":4}},"80":{"start":{"line":81,"column":0},"end":{"line":81,"column":0}},"81":{"start":{"line":82,"column":0},"end":{"line":82,"column":34}},"82":{"start":{"line":83,"column":0},"end":{"line":83,"column":11}},"83":{"start":{"line":84,"column":0},"end":{"line":84,"column":19}},"84":{"start":{"line":85,"column":0},"end":{"line":85,"column":28}},"85":{"start":{"line":86,"column":0},"end":{"line":86,"column":32}},"86":{"start":{"line":87,"column":0},"end":{"line":87,"column":61}},"87":{"start":{"line":88,"column":0},"end":{"line":88,"column":32}},"88":{"start":{"line":89,"column":0},"end":{"line":89,"column":5}},"89":{"start":{"line":90,"column":0},"end":{"line":90,"column":22}},"90":{"start":{"line":91,"column":0},"end":{"line":91,"column":13}},"91":{"start":{"line":92,"column":0},"end":{"line":92,"column":4}},"92":{"start":{"line":93,"column":0},"end":{"line":93,"column":0}},"93":{"start":{"line":94,"column":0},"end":{"line":94,"column":38}},"94":{"start":{"line":95,"column":0},"end":{"line":95,"column":11}},"95":{"start":{"line":96,"column":0},"end":{"line":96,"column":19}},"96":{"start":{"line":97,"column":0},"end":{"line":97,"column":28}},"97":{"start":{"line":98,"column":0},"end":{"line":98,"column":39}},"98":{"start":{"line":99,"column":0},"end":{"line":99,"column":61}},"99":{"start":{"line":100,"column":0},"end":{"line":100,"column":32}},"100":{"start":{"line":101,"column":0},"end":{"line":101,"column":5}},"101":{"start":{"line":102,"column":0},"end":{"line":102,"column":21}},"102":{"start":{"line":103,"column":0},"end":{"line":103,"column":13}},"103":{"start":{"line":104,"column":0},"end":{"line":104,"column":4}},"104":{"start":{"line":105,"column":0},"end":{"line":105,"column":0}},"105":{"start":{"line":106,"column":0},"end":{"line":106,"column":19}},"106":{"start":{"line":107,"column":0},"end":{"line":107,"column":28}},"107":{"start":{"line":108,"column":0},"end":{"line":108,"column":31}},"108":{"start":{"line":109,"column":0},"end":{"line":109,"column":32}},"109":{"start":{"line":110,"column":0},"end":{"line":110,"column":44}},"110":{"start":{"line":111,"column":0},"end":{"line":111,"column":31}},"111":{"start":{"line":112,"column":0},"end":{"line":112,"column":32}},"112":{"start":{"line":113,"column":0},"end":{"line":113,"column":12}},"113":{"start":{"line":114,"column":0},"end":{"line":114,"column":32}},"114":{"start":{"line":115,"column":0},"end":{"line":115,"column":32}},"115":{"start":{"line":116,"column":0},"end":{"line":116,"column":5}},"116":{"start":{"line":117,"column":0},"end":{"line":117,"column":20}},"117":{"start":{"line":118,"column":0},"end":{"line":118,"column":0}},"118":{"start":{"line":119,"column":0},"end":{"line":119,"column":10}},"119":{"start":{"line":120,"column":0},"end":{"line":120,"column":6}},"120":{"start":{"line":121,"column":0},"end":{"line":121,"column":31}},"121":{"start":{"line":122,"column":0},"end":{"line":122,"column":26}},"122":{"start":{"line":123,"column":0},"end":{"line":123,"column":39}},"123":{"start":{"line":124,"column":0},"end":{"line":124,"column":15}},"124":{"start":{"line":125,"column":0},"end":{"line":125,"column":23}},"125":{"start":{"line":126,"column":0},"end":{"line":126,"column":20}},"126":{"start":{"line":127,"column":0},"end":{"line":127,"column":83}},"127":{"start":{"line":128,"column":0},"end":{"line":128,"column":48}},"128":{"start":{"line":129,"column":0},"end":{"line":129,"column":9}},"129":{"start":{"line":130,"column":0},"end":{"line":130,"column":16}},"130":{"start":{"line":131,"column":0},"end":{"line":131,"column":17}},"131":{"start":{"line":132,"column":0},"end":{"line":132,"column":9}},"132":{"start":{"line":133,"column":0},"end":{"line":133,"column":26}},"133":{"start":{"line":134,"column":0},"end":{"line":134,"column":30}},"134":{"start":{"line":135,"column":0},"end":{"line":135,"column":7}},"135":{"start":{"line":136,"column":0},"end":{"line":136,"column":4}},"136":{"start":{"line":137,"column":0},"end":{"line":137,"column":1}},"137":{"start":{"line":138,"column":0},"end":{"line":138,"column":0}},"138":{"start":{"line":139,"column":0},"end":{"line":139,"column":26}}},"s":{"0":1,"1":1,"2":1,"3":1,"4":1,"5":1,"6":1,"7":1,"8":1,"9":1,"10":11,"11":11,"12":11,"13":11,"14":11,"15":11,"16":11,"17":11,"18":11,"19":11,"20":11,"21":11,"22":11,"23":25,"24":25,"25":11,"26":11,"27":11,"28":11,"29":0,"30":0,"31":0,"32":0,"33":0,"34":11,"35":11,"36":1,"37":1,"38":1,"39":1,"40":1,"41":11,"42":11,"43":1,"44":1,"45":1,"46":0,"47":0,"48":1,"49":11,"50":11,"51":1,"52":1,"53":1,"54":1,"55":1,"56":11,"57":11,"58":11,"59":11,"60":11,"61":11,"62":11,"63":11,"64":11,"65":11,"66":11,"67":11,"68":11,"69":11,"70":11,"71":11,"72":11,"73":11,"74":11,"75":11,"76":11,"77":11,"78":11,"79":11,"80":11,"81":11,"82":11,"83":11,"84":11,"85":11,"86":11,"87":11,"88":11,"89":11,"90":11,"91":11,"92":11,"93":11,"94":11,"95":11,"96":11,"97":11,"98":11,"99":11,"100":11,"101":11,"102":11,"103":11,"104":11,"105":11,"106":4,"107":2,"108":2,"109":2,"110":0,"111":0,"112":2,"113":2,"114":2,"115":2,"116":11,"117":11,"118":11,"119":11,"120":11,"121":11,"122":11,"123":25,"124":25,"125":25,"126":25,"127":25,"128":25,"129":25,"130":25,"131":11,"132":11,"133":11,"134":11,"135":11,"136":11,"137":1,"138":1},"branchMap":{"0":{"type":"branch","line":11,"loc":{"start":{"line":11,"column":0},"end":{"line":137,"column":1}},"locations":[{"start":{"line":11,"column":0},"end":{"line":137,"column":1}}]},"1":{"type":"branch","line":16,"loc":{"start":{"line":16,"column":27},"end":{"line":16,"column":58}},"locations":[{"start":{"line":16,"column":27},"end":{"line":16,"column":58}}]},"2":{"type":"branch","line":18,"loc":{"start":{"line":18,"column":25},"end":{"line":27,"column":4}},"locations":[{"start":{"line":18,"column":25},"end":{"line":27,"column":4}}]},"3":{"type":"branch","line":23,"loc":{"start":{"line":23,"column":47},"end":{"line":25,"column":5}},"locations":[{"start":{"line":23,"column":47},"end":{"line":25,"column":5}}]},"4":{"type":"branch","line":36,"loc":{"start":{"line":36,"column":24},"end":{"line":41,"column":4}},"locations":[{"start":{"line":36,"column":24},"end":{"line":41,"column":4}}]},"5":{"type":"branch","line":43,"loc":{"start":{"line":43,"column":19},"end":{"line":49,"column":4}},"locations":[{"start":{"line":43,"column":19},"end":{"line":49,"column":4}}]},"6":{"type":"branch","line":46,"loc":{"start":{"line":46,"column":4},"end":{"line":48,"column":5}},"locations":[{"start":{"line":46,"column":4},"end":{"line":48,"column":5}}]},"7":{"type":"branch","line":51,"loc":{"start":{"line":51,"column":26},"end":{"line":56,"column":4}},"locations":[{"start":{"line":51,"column":26},"end":{"line":56,"column":4}}]},"8":{"type":"branch","line":58,"loc":{"start":{"line":58,"column":27},"end":{"line":67,"column":13}},"locations":[{"start":{"line":58,"column":27},"end":{"line":67,"column":13}}]},"9":{"type":"branch","line":63,"loc":{"start":{"line":63,"column":20},"end":{"line":63,"column":58}},"locations":[{"start":{"line":63,"column":20},"end":{"line":63,"column":58}}]},"10":{"type":"branch","line":70,"loc":{"start":{"line":70,"column":32},"end":{"line":79,"column":13}},"locations":[{"start":{"line":70,"column":32},"end":{"line":79,"column":13}}]},"11":{"type":"branch","line":75,"loc":{"start":{"line":75,"column":20},"end":{"line":75,"column":59}},"locations":[{"start":{"line":75,"column":20},"end":{"line":75,"column":59}}]},"12":{"type":"branch","line":74,"loc":{"start":{"line":74,"column":15},"end":{"line":74,"column":37}},"locations":[{"start":{"line":74,"column":15},"end":{"line":74,"column":37}}]},"13":{"type":"branch","line":82,"loc":{"start":{"line":82,"column":27},"end":{"line":91,"column":13}},"locations":[{"start":{"line":82,"column":27},"end":{"line":91,"column":13}}]},"14":{"type":"branch","line":87,"loc":{"start":{"line":87,"column":20},"end":{"line":87,"column":58}},"locations":[{"start":{"line":87,"column":20},"end":{"line":87,"column":58}}]},"15":{"type":"branch","line":86,"loc":{"start":{"line":86,"column":15},"end":{"line":86,"column":32}},"locations":[{"start":{"line":86,"column":15},"end":{"line":86,"column":32}}]},"16":{"type":"branch","line":94,"loc":{"start":{"line":94,"column":31},"end":{"line":103,"column":13}},"locations":[{"start":{"line":94,"column":31},"end":{"line":103,"column":13}}]},"17":{"type":"branch","line":99,"loc":{"start":{"line":99,"column":20},"end":{"line":99,"column":58}},"locations":[{"start":{"line":99,"column":20},"end":{"line":99,"column":58}}]},"18":{"type":"branch","line":98,"loc":{"start":{"line":98,"column":15},"end":{"line":98,"column":39}},"locations":[{"start":{"line":98,"column":15},"end":{"line":98,"column":39}}]},"19":{"type":"branch","line":106,"loc":{"start":{"line":106,"column":12},"end":{"line":117,"column":5}},"locations":[{"start":{"line":106,"column":12},"end":{"line":117,"column":5}}]},"20":{"type":"branch","line":107,"loc":{"start":{"line":107,"column":27},"end":{"line":116,"column":5}},"locations":[{"start":{"line":107,"column":27},"end":{"line":116,"column":5}}]},"21":{"type":"branch","line":110,"loc":{"start":{"line":110,"column":43},"end":{"line":113,"column":11}},"locations":[{"start":{"line":110,"column":43},"end":{"line":113,"column":11}}]},"22":{"type":"branch","line":123,"loc":{"start":{"line":123,"column":28},"end":{"line":131,"column":17}},"locations":[{"start":{"line":123,"column":28},"end":{"line":131,"column":17}}]},"23":{"type":"branch","line":127,"loc":{"start":{"line":127,"column":41},"end":{"line":127,"column":63}},"locations":[{"start":{"line":127,"column":41},"end":{"line":127,"column":63}}]},"24":{"type":"branch","line":127,"loc":{"start":{"line":127,"column":48},"end":{"line":127,"column":80}},"locations":[{"start":{"line":127,"column":48},"end":{"line":127,"column":80}}]},"25":{"type":"branch","line":128,"loc":{"start":{"line":128,"column":19},"end":{"line":128,"column":48}},"locations":[{"start":{"line":128,"column":19},"end":{"line":128,"column":48}}]}},"b":{"0":[11],"1":[1],"2":[11],"3":[25],"4":[1],"5":[1],"6":[0],"7":[1],"8":[11],"9":[7],"10":[11],"11":[7],"12":[1],"13":[11],"14":[1],"15":[1],"16":[11],"17":[1],"18":[1],"19":[4],"20":[2],"21":[0],"22":[25],"23":[5],"24":[20],"25":[1]},"fnMap":{"0":{"name":"Pagination","decl":{"start":{"line":11,"column":0},"end":{"line":137,"column":1}},"loc":{"start":{"line":11,"column":0},"end":{"line":137,"column":1}},"line":11},"1":{"name":"handlePageChange","decl":{"start":{"line":16,"column":27},"end":{"line":16,"column":58}},"loc":{"start":{"line":16,"column":27},"end":{"line":16,"column":58}},"line":16},"2":{"name":"getPageNumbers","decl":{"start":{"line":18,"column":25},"end":{"line":27,"column":4}},"loc":{"start":{"line":18,"column":25},"end":{"line":27,"column":4}},"line":18},"3":{"name":"previousPage","decl":{"start":{"line":29,"column":23},"end":{"line":34,"column":4}},"loc":{"start":{"line":29,"column":23},"end":{"line":34,"column":4}},"line":29},"4":{"name":"backFirstPage","decl":{"start":{"line":36,"column":24},"end":{"line":41,"column":4}},"loc":{"start":{"line":36,"column":24},"end":{"line":41,"column":4}},"line":36},"5":{"name":"nextPage","decl":{"start":{"line":43,"column":19},"end":{"line":49,"column":4}},"loc":{"start":{"line":43,"column":19},"end":{"line":49,"column":4}},"line":43},"6":{"name":"advanceLastPage","decl":{"start":{"line":51,"column":26},"end":{"line":56,"column":4}},"loc":{"start":{"line":51,"column":26},"end":{"line":56,"column":4}},"line":51},"7":{"name":"renderBackButton","decl":{"start":{"line":58,"column":27},"end":{"line":67,"column":13}},"loc":{"start":{"line":58,"column":27},"end":{"line":67,"column":13}},"line":58},"8":{"name":"onClick","decl":{"start":{"line":62,"column":15},"end":{"line":62,"column":36}},"loc":{"start":{"line":62,"column":15},"end":{"line":62,"column":36}},"line":62},"9":{"name":"renderFirstPageButton","decl":{"start":{"line":70,"column":32},"end":{"line":79,"column":13}},"loc":{"start":{"line":70,"column":32},"end":{"line":79,"column":13}},"line":70},"10":{"name":"onClick","decl":{"start":{"line":74,"column":15},"end":{"line":74,"column":37}},"loc":{"start":{"line":74,"column":15},"end":{"line":74,"column":37}},"line":74},"11":{"name":"renderNextButton","decl":{"start":{"line":82,"column":27},"end":{"line":91,"column":13}},"loc":{"start":{"line":82,"column":27},"end":{"line":91,"column":13}},"line":82},"12":{"name":"onClick","decl":{"start":{"line":86,"column":15},"end":{"line":86,"column":32}},"loc":{"start":{"line":86,"column":15},"end":{"line":86,"column":32}},"line":86},"13":{"name":"renderLastPageButton","decl":{"start":{"line":94,"column":31},"end":{"line":103,"column":13}},"loc":{"start":{"line":94,"column":31},"end":{"line":103,"column":13}},"line":94},"14":{"name":"onClick","decl":{"start":{"line":98,"column":15},"end":{"line":98,"column":39}},"loc":{"start":{"line":98,"column":15},"end":{"line":98,"column":39}},"line":98},"15":{"name":"onClick","decl":{"start":{"line":128,"column":19},"end":{"line":128,"column":48}},"loc":{"start":{"line":128,"column":19},"end":{"line":128,"column":48}},"line":128}},"f":{"0":11,"1":1,"2":11,"3":0,"4":1,"5":1,"6":1,"7":11,"8":0,"9":11,"10":1,"11":11,"12":1,"13":11,"14":1,"15":1}}
,"C:\\Users\\rafae\\Documents\\projects\\golden-raspberry-awards\\src\\components\\SearchInput\\index.tsx": {"path":"C:\\Users\\rafae\\Documents\\projects\\golden-raspberry-awards\\src\\components\\SearchInput\\index.tsx","all":false,"statementMap":{"0":{"start":{"line":1,"column":0},"end":{"line":1,"column":26}},"1":{"start":{"line":2,"column":0},"end":{"line":2,"column":22}},"2":{"start":{"line":3,"column":0},"end":{"line":3,"column":24}},"3":{"start":{"line":4,"column":0},"end":{"line":4,"column":21}},"4":{"start":{"line":5,"column":0},"end":{"line":5,"column":62}},"5":{"start":{"line":6,"column":0},"end":{"line":6,"column":27}},"6":{"start":{"line":7,"column":0},"end":{"line":7,"column":1}},"7":{"start":{"line":8,"column":0},"end":{"line":8,"column":0}},"8":{"start":{"line":9,"column":0},"end":{"line":9,"column":53}},"9":{"start":{"line":10,"column":0},"end":{"line":10,"column":60}},"10":{"start":{"line":11,"column":0},"end":{"line":11,"column":0}},"11":{"start":{"line":12,"column":0},"end":{"line":12,"column":10}},"12":{"start":{"line":13,"column":0},"end":{"line":13,"column":69}},"13":{"start":{"line":14,"column":0},"end":{"line":14,"column":52}},"14":{"start":{"line":15,"column":0},"end":{"line":15,"column":37}},"15":{"start":{"line":16,"column":0},"end":{"line":16,"column":14}},"16":{"start":{"line":17,"column":0},"end":{"line":17,"column":23}},"17":{"start":{"line":18,"column":0},"end":{"line":18,"column":28}},"18":{"start":{"line":19,"column":0},"end":{"line":19,"column":27}},"19":{"start":{"line":20,"column":0},"end":{"line":20,"column":38}},"20":{"start":{"line":21,"column":0},"end":{"line":21,"column":18}},"21":{"start":{"line":22,"column":0},"end":{"line":22,"column":28}},"22":{"start":{"line":23,"column":0},"end":{"line":23,"column":57}},"23":{"start":{"line":24,"column":0},"end":{"line":24,"column":10}},"24":{"start":{"line":25,"column":0},"end":{"line":25,"column":12}},"25":{"start":{"line":26,"column":0},"end":{"line":26,"column":63}},"26":{"start":{"line":27,"column":0},"end":{"line":27,"column":123}},"27":{"start":{"line":28,"column":0},"end":{"line":28,"column":15}},"28":{"start":{"line":29,"column":0},"end":{"line":29,"column":33}},"29":{"start":{"line":30,"column":0},"end":{"line":30,"column":34}},"30":{"start":{"line":31,"column":0},"end":{"line":31,"column":35}},"31":{"start":{"line":32,"column":0},"end":{"line":32,"column":28}},"32":{"start":{"line":33,"column":0},"end":{"line":33,"column":60}},"33":{"start":{"line":34,"column":0},"end":{"line":34,"column":12}},"34":{"start":{"line":35,"column":0},"end":{"line":35,"column":14}},"35":{"start":{"line":36,"column":0},"end":{"line":36,"column":52}},"36":{"start":{"line":37,"column":0},"end":{"line":37,"column":15}},"37":{"start":{"line":38,"column":0},"end":{"line":38,"column":11}},"38":{"start":{"line":39,"column":0},"end":{"line":39,"column":4}},"39":{"start":{"line":40,"column":0},"end":{"line":40,"column":1}},"40":{"start":{"line":41,"column":0},"end":{"line":41,"column":0}},"41":{"start":{"line":42,"column":0},"end":{"line":42,"column":27}}},"s":{"0":1,"1":1,"2":1,"3":1,"4":1,"5":1,"6":1,"7":1,"8":7,"9":7,"10":7,"11":7,"12":7,"13":7,"14":7,"15":7,"16":7,"17":7,"18":7,"19":7,"20":7,"21":7,"22":7,"23":7,"24":7,"25":7,"26":7,"27":7,"28":7,"29":7,"30":7,"31":7,"32":7,"33":7,"34":7,"35":7,"36":7,"37":7,"38":7,"39":7,"40":1,"41":1},"branchMap":{"0":{"type":"branch","line":9,"loc":{"start":{"line":9,"column":0},"end":{"line":40,"column":1}},"locations":[{"start":{"line":9,"column":0},"end":{"line":40,"column":1}}]},"1":{"type":"branch","line":13,"loc":{"start":{"line":13,"column":20},"end":{"line":13,"column":44}},"locations":[{"start":{"line":13,"column":20},"end":{"line":13,"column":44}}]},"2":{"type":"branch","line":23,"loc":{"start":{"line":23,"column":20},"end":{"line":23,"column":57}},"locations":[{"start":{"line":23,"column":20},"end":{"line":23,"column":57}}]}},"b":{"0":[7],"1":[1],"2":[1]},"fnMap":{"0":{"name":"SearchInput","decl":{"start":{"line":9,"column":0},"end":{"line":40,"column":1}},"loc":{"start":{"line":9,"column":0},"end":{"line":40,"column":1}},"line":9},"1":{"name":"onSubmit","decl":{"start":{"line":13,"column":20},"end":{"line":13,"column":44}},"loc":{"start":{"line":13,"column":20},"end":{"line":13,"column":44}},"line":13},"2":{"name":"onChange","decl":{"start":{"line":23,"column":20},"end":{"line":23,"column":57}},"loc":{"start":{"line":23,"column":20},"end":{"line":23,"column":57}},"line":23}},"f":{"0":7,"1":1,"2":1}}
,"C:\\Users\\rafae\\Documents\\projects\\golden-raspberry-awards\\src\\components\\SearchInputBoolean\\index.tsx": {"path":"C:\\Users\\rafae\\Documents\\projects\\golden-raspberry-awards\\src\\components\\SearchInputBoolean\\index.tsx","all":false,"statementMap":{"0":{"start":{"line":1,"column":0},"end":{"line":1,"column":22}},"1":{"start":{"line":2,"column":0},"end":{"line":2,"column":31}},"2":{"start":{"line":3,"column":0},"end":{"line":3,"column":16}},"3":{"start":{"line":4,"column":0},"end":{"line":4,"column":45}},"4":{"start":{"line":5,"column":0},"end":{"line":5,"column":1}},"5":{"start":{"line":6,"column":0},"end":{"line":6,"column":0}},"6":{"start":{"line":7,"column":0},"end":{"line":7,"column":60}},"7":{"start":{"line":8,"column":0},"end":{"line":8,"column":36}},"8":{"start":{"line":9,"column":0},"end":{"line":9,"column":10}},"9":{"start":{"line":10,"column":0},"end":{"line":10,"column":11}},"10":{"start":{"line":11,"column":0},"end":{"line":11,"column":19}},"11":{"start":{"line":12,"column":0},"end":{"line":12,"column":24}},"12":{"start":{"line":13,"column":0},"end":{"line":13,"column":45}},"13":{"start":{"line":14,"column":0},"end":{"line":14,"column":68}},"14":{"start":{"line":15,"column":0},"end":{"line":15,"column":61}},"15":{"start":{"line":16,"column":0},"end":{"line":16,"column":16}},"16":{"start":{"line":17,"column":0},"end":{"line":17,"column":30}},"17":{"start":{"line":18,"column":0},"end":{"line":18,"column":9}},"18":{"start":{"line":19,"column":0},"end":{"line":19,"column":8}},"19":{"start":{"line":20,"column":0},"end":{"line":20,"column":26}},"20":{"start":{"line":21,"column":0},"end":{"line":21,"column":5}},"21":{"start":{"line":22,"column":0},"end":{"line":22,"column":38}},"22":{"start":{"line":23,"column":0},"end":{"line":23,"column":44}},"23":{"start":{"line":24,"column":0},"end":{"line":24,"column":11}},"24":{"start":{"line":25,"column":0},"end":{"line":25,"column":15}},"25":{"start":{"line":26,"column":0},"end":{"line":26,"column":44}},"26":{"start":{"line":27,"column":0},"end":{"line":27,"column":10}},"27":{"start":{"line":28,"column":0},"end":{"line":28,"column":15}},"28":{"start":{"line":29,"column":0},"end":{"line":29,"column":13}},"29":{"start":{"line":30,"column":0},"end":{"line":30,"column":4}},"30":{"start":{"line":31,"column":0},"end":{"line":31,"column":2}},"31":{"start":{"line":32,"column":0},"end":{"line":32,"column":0}},"32":{"start":{"line":33,"column":0},"end":{"line":33,"column":34}}},"s":{"0":1,"1":1,"2":1,"3":1,"4":1,"5":1,"6":1,"7":4,"8":4,"9":4,"10":4,"11":4,"12":2,"13":2,"14":2,"15":2,"16":0,"17":0,"18":2,"19":4,"20":4,"21":4,"22":4,"23":4,"24":4,"25":4,"26":4,"27":4,"28":4,"29":4,"30":4,"31":1,"32":1},"branchMap":{"0":{"type":"branch","line":7,"loc":{"start":{"line":7,"column":27},"end":{"line":31,"column":2}},"locations":[{"start":{"line":7,"column":27},"end":{"line":31,"column":2}}]},"1":{"type":"branch","line":12,"loc":{"start":{"line":12,"column":16},"end":{"line":19,"column":8}},"locations":[{"start":{"line":12,"column":16},"end":{"line":19,"column":8}}]},"2":{"type":"branch","line":14,"loc":{"start":{"line":14,"column":30},"end":{"line":14,"column":67}},"locations":[{"start":{"line":14,"column":30},"end":{"line":14,"column":67}}]},"3":{"type":"branch","line":15,"loc":{"start":{"line":15,"column":38},"end":{"line":15,"column":54}},"locations":[{"start":{"line":15,"column":38},"end":{"line":15,"column":54}}]},"4":{"type":"branch","line":15,"loc":{"start":{"line":15,"column":47},"end":{"line":15,"column":59}},"locations":[{"start":{"line":15,"column":47},"end":{"line":15,"column":59}}]},"5":{"type":"branch","line":16,"loc":{"start":{"line":16,"column":8},"end":{"line":18,"column":9}},"locations":[{"start":{"line":16,"column":8},"end":{"line":18,"column":9}}]}},"b":{"0":[4],"1":[2],"2":[1],"3":[1],"4":[1],"5":[0]},"fnMap":{"0":{"name":"searchInputBoolean","decl":{"start":{"line":7,"column":27},"end":{"line":31,"column":2}},"loc":{"start":{"line":7,"column":27},"end":{"line":31,"column":2}},"line":7},"1":{"name":"onChange","decl":{"start":{"line":12,"column":16},"end":{"line":19,"column":8}},"loc":{"start":{"line":12,"column":16},"end":{"line":19,"column":8}},"line":12}},"f":{"0":4,"1":2}}
,"C:\\Users\\rafae\\Documents\\projects\\golden-raspberry-awards\\src\\components\\SearchInputYear\\index.tsx": {"path":"C:\\Users\\rafae\\Documents\\projects\\golden-raspberry-awards\\src\\components\\SearchInputYear\\index.tsx","all":false,"statementMap":{"0":{"start":{"line":1,"column":0},"end":{"line":1,"column":22}},"1":{"start":{"line":2,"column":0},"end":{"line":2,"column":28}},"2":{"start":{"line":3,"column":0},"end":{"line":3,"column":16}},"3":{"start":{"line":4,"column":0},"end":{"line":4,"column":23}},"4":{"start":{"line":5,"column":0},"end":{"line":5,"column":1}},"5":{"start":{"line":6,"column":0},"end":{"line":6,"column":0}},"6":{"start":{"line":7,"column":0},"end":{"line":7,"column":54}},"7":{"start":{"line":8,"column":0},"end":{"line":8,"column":36}},"8":{"start":{"line":9,"column":0},"end":{"line":9,"column":82}},"9":{"start":{"line":10,"column":0},"end":{"line":10,"column":2}},"10":{"start":{"line":11,"column":0},"end":{"line":11,"column":0}},"11":{"start":{"line":12,"column":0},"end":{"line":12,"column":31}}},"s":{"0":1,"1":1,"2":1,"3":1,"4":1,"5":1,"6":1,"7":5,"8":5,"9":5,"10":1,"11":1},"branchMap":{"0":{"type":"branch","line":7,"loc":{"start":{"line":7,"column":24},"end":{"line":10,"column":2}},"locations":[{"start":{"line":7,"column":24},"end":{"line":10,"column":2}}]}},"b":{"0":[5]},"fnMap":{"0":{"name":"SearchInputYear","decl":{"start":{"line":7,"column":24},"end":{"line":10,"column":2}},"loc":{"start":{"line":7,"column":24},"end":{"line":10,"column":2}},"line":7}},"f":{"0":5}}
,"C:\\Users\\rafae\\Documents\\projects\\golden-raspberry-awards\\src\\components\\Sidebar\\index.tsx": {"path":"C:\\Users\\rafae\\Documents\\projects\\golden-raspberry-awards\\src\\components\\Sidebar\\index.tsx","all":false,"statementMap":{"0":{"start":{"line":1,"column":0},"end":{"line":1,"column":40}},"1":{"start":{"line":2,"column":0},"end":{"line":2,"column":22}},"2":{"start":{"line":3,"column":0},"end":{"line":3,"column":0}},"3":{"start":{"line":4,"column":0},"end":{"line":4,"column":20}},"4":{"start":{"line":5,"column":0},"end":{"line":5,"column":22}},"5":{"start":{"line":6,"column":0},"end":{"line":6,"column":1}},"6":{"start":{"line":7,"column":0},"end":{"line":7,"column":0}},"7":{"start":{"line":8,"column":0},"end":{"line":8,"column":35}},"8":{"start":{"line":9,"column":0},"end":{"line":9,"column":32}},"9":{"start":{"line":10,"column":0},"end":{"line":10,"column":0}},"10":{"start":{"line":11,"column":0},"end":{"line":11,"column":10}},"11":{"start":{"line":12,"column":0},"end":{"line":12,"column":6}},"12":{"start":{"line":13,"column":0},"end":{"line":13,"column":29}},"13":{"start":{"line":14,"column":0},"end":{"line":14,"column":55}},"14":{"start":{"line":15,"column":0},"end":{"line":15,"column":103}},"15":{"start":{"line":16,"column":0},"end":{"line":16,"column":127}},"16":{"start":{"line":17,"column":0},"end":{"line":17,"column":19}},"17":{"start":{"line":18,"column":0},"end":{"line":18,"column":37}},"18":{"start":{"line":19,"column":0},"end":{"line":19,"column":38}},"19":{"start":{"line":20,"column":0},"end":{"line":20,"column":31}},"20":{"start":{"line":21,"column":0},"end":{"line":21,"column":86}},"21":{"start":{"line":22,"column":0},"end":{"line":22,"column":16}},"22":{"start":{"line":23,"column":0},"end":{"line":23,"column":18}},"23":{"start":{"line":24,"column":0},"end":{"line":24,"column":19}},"24":{"start":{"line":25,"column":0},"end":{"line":25,"column":84}},"25":{"start":{"line":26,"column":0},"end":{"line":26,"column":127}},"26":{"start":{"line":27,"column":0},"end":{"line":27,"column":119}},"27":{"start":{"line":28,"column":0},"end":{"line":28,"column":18}},"28":{"start":{"line":29,"column":0},"end":{"line":29,"column":19}},"29":{"start":{"line":30,"column":0},"end":{"line":30,"column":14}},"30":{"start":{"line":31,"column":0},"end":{"line":31,"column":11}},"31":{"start":{"line":32,"column":0},"end":{"line":32,"column":55}},"32":{"start":{"line":33,"column":0},"end":{"line":33,"column":14}},"33":{"start":{"line":34,"column":0},"end":{"line":34,"column":51}},"34":{"start":{"line":35,"column":0},"end":{"line":35,"column":53}},"35":{"start":{"line":36,"column":0},"end":{"line":36,"column":17}},"36":{"start":{"line":37,"column":0},"end":{"line":37,"column":30}},"37":{"start":{"line":38,"column":0},"end":{"line":38,"column":43}},"38":{"start":{"line":39,"column":0},"end":{"line":39,"column":17}},"39":{"start":{"line":40,"column":0},"end":{"line":40,"column":15}},"40":{"start":{"line":41,"column":0},"end":{"line":41,"column":14}},"41":{"start":{"line":42,"column":0},"end":{"line":42,"column":8}},"42":{"start":{"line":43,"column":0},"end":{"line":43,"column":7}},"43":{"start":{"line":44,"column":0},"end":{"line":44,"column":4}},"44":{"start":{"line":45,"column":0},"end":{"line":45,"column":1}},"45":{"start":{"line":46,"column":0},"end":{"line":46,"column":0}},"46":{"start":{"line":47,"column":0},"end":{"line":47,"column":23}}},"s":{"0":1,"1":1,"2":1,"3":1,"4":1,"5":1,"6":1,"7":3,"8":3,"9":3,"10":3,"11":3,"12":3,"13":0,"14":0,"15":0,"16":0,"17":0,"18":0,"19":0,"20":0,"21":0,"22":0,"23":0,"24":0,"25":0,"26":0,"27":0,"28":0,"29":0,"30":3,"31":3,"32":3,"33":3,"34":3,"35":3,"36":3,"37":3,"38":3,"39":3,"40":3,"41":3,"42":3,"43":3,"44":3,"45":1,"46":1},"branchMap":{"0":{"type":"branch","line":8,"loc":{"start":{"line":8,"column":0},"end":{"line":45,"column":1}},"locations":[{"start":{"line":8,"column":0},"end":{"line":45,"column":1}}]},"1":{"type":"branch","line":13,"loc":{"start":{"line":13,"column":22},"end":{"line":30,"column":14}},"locations":[{"start":{"line":13,"column":22},"end":{"line":30,"column":14}}]}},"b":{"0":[3],"1":[0]},"fnMap":{"0":{"name":"Sidebar","decl":{"start":{"line":8,"column":0},"end":{"line":45,"column":1}},"loc":{"start":{"line":8,"column":0},"end":{"line":45,"column":1}},"line":8},"1":{"name":"onClick","decl":{"start":{"line":15,"column":41},"end":{"line":15,"column":84}},"loc":{"start":{"line":15,"column":41},"end":{"line":15,"column":84}},"line":15},"2":{"name":"onClick","decl":{"start":{"line":25,"column":27},"end":{"line":25,"column":65}},"loc":{"start":{"line":25,"column":27},"end":{"line":25,"column":65}},"line":25}},"f":{"0":3,"1":0,"2":0}}
,"C:\\Users\\rafae\\Documents\\projects\\golden-raspberry-awards\\src\\components\\Spinner\\index.tsx": {"path":"C:\\Users\\rafae\\Documents\\projects\\golden-raspberry-awards\\src\\components\\Spinner\\index.tsx","all":false,"statementMap":{"0":{"start":{"line":1,"column":0},"end":{"line":1,"column":22}},"1":{"start":{"line":2,"column":0},"end":{"line":2,"column":0}},"2":{"start":{"line":3,"column":0},"end":{"line":3,"column":20}},"3":{"start":{"line":4,"column":0},"end":{"line":4,"column":10}},"4":{"start":{"line":5,"column":0},"end":{"line":5,"column":45}},"5":{"start":{"line":6,"column":0},"end":{"line":6,"column":99}},"6":{"start":{"line":7,"column":0},"end":{"line":7,"column":13}},"7":{"start":{"line":8,"column":0},"end":{"line":8,"column":378}},"8":{"start":{"line":9,"column":0},"end":{"line":9,"column":29}},"9":{"start":{"line":10,"column":0},"end":{"line":10,"column":10}},"10":{"start":{"line":11,"column":0},"end":{"line":11,"column":13}},"11":{"start":{"line":12,"column":0},"end":{"line":12,"column":603}},"12":{"start":{"line":13,"column":0},"end":{"line":13,"column":28}},"13":{"start":{"line":14,"column":0},"end":{"line":14,"column":10}},"14":{"start":{"line":15,"column":0},"end":{"line":15,"column":12}},"15":{"start":{"line":16,"column":0},"end":{"line":16,"column":29}},"16":{"start":{"line":17,"column":0},"end":{"line":17,"column":10}},"17":{"start":{"line":18,"column":0},"end":{"line":18,"column":4}},"18":{"start":{"line":19,"column":0},"end":{"line":19,"column":1}},"19":{"start":{"line":20,"column":0},"end":{"line":20,"column":0}},"20":{"start":{"line":21,"column":0},"end":{"line":21,"column":23}}},"s":{"0":1,"1":1,"2":14,"3":14,"4":14,"5":14,"6":14,"7":14,"8":14,"9":14,"10":14,"11":14,"12":14,"13":14,"14":14,"15":14,"16":14,"17":14,"18":14,"19":1,"20":1},"branchMap":{"0":{"type":"branch","line":3,"loc":{"start":{"line":3,"column":0},"end":{"line":19,"column":1}},"locations":[{"start":{"line":3,"column":0},"end":{"line":19,"column":1}}]}},"b":{"0":[14]},"fnMap":{"0":{"name":"Spinner","decl":{"start":{"line":3,"column":0},"end":{"line":19,"column":1}},"loc":{"start":{"line":3,"column":0},"end":{"line":19,"column":1}},"line":3}},"f":{"0":14}}
,"C:\\Users\\rafae\\Documents\\projects\\golden-raspberry-awards\\src\\hooks\\useApi.tsx": {"path":"C:\\Users\\rafae\\Documents\\projects\\golden-raspberry-awards\\src\\hooks\\useApi.tsx","all":false,"statementMap":{"0":{"start":{"line":1,"column":0},"end":{"line":1,"column":33}},"1":{"start":{"line":2,"column":0},"end":{"line":2,"column":42}},"2":{"start":{"line":3,"column":0},"end":{"line":3,"column":0}},"3":{"start":{"line":4,"column":0},"end":{"line":4,"column":51}},"4":{"start":{"line":5,"column":0},"end":{"line":5,"column":0}},"5":{"start":{"line":6,"column":0},"end":{"line":6,"column":22}},"6":{"start":{"line":7,"column":0},"end":{"line":7,"column":41}},"7":{"start":{"line":8,"column":0},"end":{"line":8,"column":47}},"8":{"start":{"line":9,"column":0},"end":{"line":9,"column":70}},"9":{"start":{"line":10,"column":0},"end":{"line":10,"column":0}},"10":{"start":{"line":11,"column":0},"end":{"line":11,"column":58}},"11":{"start":{"line":12,"column":0},"end":{"line":12,"column":21}},"12":{"start":{"line":13,"column":0},"end":{"line":13,"column":19}},"13":{"start":{"line":14,"column":0},"end":{"line":14,"column":0}},"14":{"start":{"line":15,"column":0},"end":{"line":15,"column":9}},"15":{"start":{"line":16,"column":0},"end":{"line":16,"column":22}},"16":{"start":{"line":17,"column":0},"end":{"line":17,"column":15}},"17":{"start":{"line":18,"column":0},"end":{"line":18,"column":12}},"18":{"start":{"line":19,"column":0},"end":{"line":19,"column":14}},"19":{"start":{"line":20,"column":0},"end":{"line":20,"column":8}},"20":{"start":{"line":21,"column":0},"end":{"line":21,"column":0}},"21":{"start":{"line":22,"column":0},"end":{"line":22,"column":43}},"22":{"start":{"line":23,"column":0},"end":{"line":23,"column":29}},"23":{"start":{"line":24,"column":0},"end":{"line":24,"column":24}},"24":{"start":{"line":25,"column":0},"end":{"line":25,"column":21}},"25":{"start":{"line":26,"column":0},"end":{"line":26,"column":31}},"26":{"start":{"line":27,"column":0},"end":{"line":27,"column":24}},"27":{"start":{"line":28,"column":0},"end":{"line":28,"column":5}},"28":{"start":{"line":29,"column":0},"end":{"line":29,"column":4}},"29":{"start":{"line":30,"column":0},"end":{"line":30,"column":0}},"30":{"start":{"line":31,"column":0},"end":{"line":31,"column":43}},"31":{"start":{"line":32,"column":0},"end":{"line":32,"column":2}},"32":{"start":{"line":33,"column":0},"end":{"line":33,"column":0}},"33":{"start":{"line":34,"column":0},"end":{"line":34,"column":22}}},"s":{"0":1,"1":1,"2":1,"3":1,"4":1,"5":1,"6":22,"7":22,"8":22,"9":22,"10":22,"11":13,"12":13,"13":13,"14":13,"15":13,"16":13,"17":13,"18":13,"19":13,"20":13,"21":13,"22":0,"23":0,"24":0,"25":0,"26":0,"27":0,"28":13,"29":22,"30":22,"31":22,"32":1,"33":1},"branchMap":{"0":{"type":"branch","line":6,"loc":{"start":{"line":6,"column":15},"end":{"line":32,"column":2}},"locations":[{"start":{"line":6,"column":15},"end":{"line":32,"column":2}}]},"1":{"type":"branch","line":11,"loc":{"start":{"line":11,"column":18},"end":{"line":29,"column":4}},"locations":[{"start":{"line":11,"column":18},"end":{"line":29,"column":4}}]},"2":{"type":"branch","line":22,"loc":{"start":{"line":22,"column":41},"end":{"line":28,"column":5}},"locations":[{"start":{"line":22,"column":41},"end":{"line":28,"column":5}}]}},"b":{"0":[22],"1":[13],"2":[0]},"fnMap":{"0":{"name":"useApi","decl":{"start":{"line":6,"column":15},"end":{"line":32,"column":2}},"loc":{"start":{"line":6,"column":15},"end":{"line":32,"column":2}},"line":6},"1":{"name":"execute","decl":{"start":{"line":11,"column":18},"end":{"line":29,"column":4}},"loc":{"start":{"line":11,"column":18},"end":{"line":29,"column":4}},"line":11}},"f":{"0":22,"1":13}}
,"C:\\Users\\rafae\\Documents\\projects\\golden-raspberry-awards\\src\\pages\\Dashboard\\index.tsx": {"path":"C:\\Users\\rafae\\Documents\\projects\\golden-raspberry-awards\\src\\pages\\Dashboard\\index.tsx","all":false,"statementMap":{"0":{"start":{"line":1,"column":0},"end":{"line":1,"column":69}},"1":{"start":{"line":2,"column":0},"end":{"line":2,"column":67}},"2":{"start":{"line":3,"column":0},"end":{"line":3,"column":67}},"3":{"start":{"line":4,"column":0},"end":{"line":4,"column":53}},"4":{"start":{"line":5,"column":0},"end":{"line":5,"column":22}},"5":{"start":{"line":6,"column":0},"end":{"line":6,"column":0}},"6":{"start":{"line":7,"column":0},"end":{"line":7,"column":22}},"7":{"start":{"line":8,"column":0},"end":{"line":8,"column":10}},"8":{"start":{"line":9,"column":0},"end":{"line":9,"column":34}},"9":{"start":{"line":10,"column":0},"end":{"line":10,"column":35}},"10":{"start":{"line":11,"column":0},"end":{"line":11,"column":69}},"11":{"start":{"line":12,"column":0},"end":{"line":12,"column":67}},"12":{"start":{"line":13,"column":0},"end":{"line":13,"column":12}},"13":{"start":{"line":14,"column":0},"end":{"line":14,"column":35}},"14":{"start":{"line":15,"column":0},"end":{"line":15,"column":68}},"15":{"start":{"line":16,"column":0},"end":{"line":16,"column":53}},"16":{"start":{"line":17,"column":0},"end":{"line":17,"column":12}},"17":{"start":{"line":18,"column":0},"end":{"line":18,"column":10}},"18":{"start":{"line":19,"column":0},"end":{"line":19,"column":4}},"19":{"start":{"line":20,"column":0},"end":{"line":20,"column":1}},"20":{"start":{"line":21,"column":0},"end":{"line":21,"column":0}},"21":{"start":{"line":22,"column":0},"end":{"line":22,"column":25}}},"s":{"0":1,"1":1,"2":1,"3":1,"4":1,"5":1,"6":5,"7":5,"8":5,"9":5,"10":5,"11":5,"12":5,"13":5,"14":5,"15":5,"16":5,"17":5,"18":5,"19":5,"20":1,"21":1},"branchMap":{"0":{"type":"branch","line":7,"loc":{"start":{"line":7,"column":0},"end":{"line":20,"column":1}},"locations":[{"start":{"line":7,"column":0},"end":{"line":20,"column":1}}]}},"b":{"0":[5]},"fnMap":{"0":{"name":"Dashboard","decl":{"start":{"line":7,"column":0},"end":{"line":20,"column":1}},"loc":{"start":{"line":7,"column":0},"end":{"line":20,"column":1}},"line":7}},"f":{"0":5}}
,"C:\\Users\\rafae\\Documents\\projects\\golden-raspberry-awards\\src\\pages\\Dashboard\\components\\ProducersMaxMinWins\\index.tsx": {"path":"C:\\Users\\rafae\\Documents\\projects\\golden-raspberry-awards\\src\\pages\\Dashboard\\components\\ProducersMaxMinWins\\index.tsx","all":false,"statementMap":{"0":{"start":{"line":1,"column":0},"end":{"line":1,"column":34}},"1":{"start":{"line":2,"column":0},"end":{"line":2,"column":46}},"2":{"start":{"line":3,"column":0},"end":{"line":3,"column":53}},"3":{"start":{"line":4,"column":0},"end":{"line":4,"column":26}},"4":{"start":{"line":5,"column":0},"end":{"line":5,"column":0}},"5":{"start":{"line":6,"column":0},"end":{"line":6,"column":14}},"6":{"start":{"line":7,"column":0},"end":{"line":7,"column":31}},"7":{"start":{"line":8,"column":0},"end":{"line":8,"column":31}},"8":{"start":{"line":9,"column":0},"end":{"line":9,"column":36}},"9":{"start":{"line":10,"column":0},"end":{"line":10,"column":36}},"10":{"start":{"line":11,"column":0},"end":{"line":11,"column":2}},"11":{"start":{"line":12,"column":0},"end":{"line":12,"column":0}},"12":{"start":{"line":13,"column":0},"end":{"line":13,"column":32}},"13":{"start":{"line":14,"column":0},"end":{"line":14,"column":53}},"14":{"start":{"line":15,"column":0},"end":{"line":15,"column":0}},"15":{"start":{"line":16,"column":0},"end":{"line":16,"column":12}},"16":{"start":{"line":17,"column":0},"end":{"line":17,"column":34}},"17":{"start":{"line":18,"column":0},"end":{"line":18,"column":86}},"18":{"start":{"line":19,"column":0},"end":{"line":19,"column":6}},"19":{"start":{"line":20,"column":0},"end":{"line":20,"column":59}},"20":{"start":{"line":21,"column":0},"end":{"line":21,"column":6}},"21":{"start":{"line":22,"column":0},"end":{"line":22,"column":4}},"22":{"start":{"line":23,"column":0},"end":{"line":23,"column":0}},"23":{"start":{"line":24,"column":0},"end":{"line":24,"column":14}},"24":{"start":{"line":25,"column":0},"end":{"line":25,"column":12}},"25":{"start":{"line":26,"column":0},"end":{"line":26,"column":33}},"26":{"start":{"line":27,"column":0},"end":{"line":27,"column":19}},"27":{"start":{"line":28,"column":0},"end":{"line":28,"column":10}},"28":{"start":{"line":29,"column":0},"end":{"line":29,"column":6}},"29":{"start":{"line":30,"column":0},"end":{"line":30,"column":60}},"30":{"start":{"line":31,"column":0},"end":{"line":31,"column":0}},"31":{"start":{"line":32,"column":0},"end":{"line":32,"column":10}},"32":{"start":{"line":33,"column":0},"end":{"line":33,"column":34}},"33":{"start":{"line":34,"column":0},"end":{"line":34,"column":43}},"34":{"start":{"line":35,"column":0},"end":{"line":35,"column":96}},"35":{"start":{"line":36,"column":0},"end":{"line":36,"column":12}},"36":{"start":{"line":37,"column":0},"end":{"line":37,"column":53}},"37":{"start":{"line":38,"column":0},"end":{"line":38,"column":13}},"38":{"start":{"line":39,"column":0},"end":{"line":39,"column":15}},"39":{"start":{"line":40,"column":0},"end":{"line":40,"column":14}},"40":{"start":{"line":41,"column":0},"end":{"line":41,"column":32}},"41":{"start":{"line":42,"column":0},"end":{"line":42,"column":47}},"42":{"start":{"line":43,"column":0},"end":{"line":43,"column":15}},"43":{"start":{"line":44,"column":0},"end":{"line":44,"column":15}},"44":{"start":{"line":45,"column":0},"end":{"line":45,"column":16}},"45":{"start":{"line":46,"column":0},"end":{"line":46,"column":15}},"46":{"start":{"line":47,"column":0},"end":{"line":47,"column":51}},"47":{"start":{"line":48,"column":0},"end":{"line":48,"column":28}},"48":{"start":{"line":49,"column":0},"end":{"line":49,"column":37}},"49":{"start":{"line":50,"column":0},"end":{"line":50,"column":37}},"50":{"start":{"line":51,"column":0},"end":{"line":51,"column":40}},"51":{"start":{"line":52,"column":0},"end":{"line":52,"column":41}},"52":{"start":{"line":53,"column":0},"end":{"line":53,"column":17}},"53":{"start":{"line":54,"column":0},"end":{"line":54,"column":13}},"54":{"start":{"line":55,"column":0},"end":{"line":55,"column":16}},"55":{"start":{"line":56,"column":0},"end":{"line":56,"column":14}},"56":{"start":{"line":57,"column":0},"end":{"line":57,"column":53}},"57":{"start":{"line":58,"column":0},"end":{"line":58,"column":13}},"58":{"start":{"line":59,"column":0},"end":{"line":59,"column":15}},"59":{"start":{"line":60,"column":0},"end":{"line":60,"column":14}},"60":{"start":{"line":61,"column":0},"end":{"line":61,"column":32}},"61":{"start":{"line":62,"column":0},"end":{"line":62,"column":59}},"62":{"start":{"line":63,"column":0},"end":{"line":63,"column":27}},"63":{"start":{"line":64,"column":0},"end":{"line":64,"column":19}},"64":{"start":{"line":65,"column":0},"end":{"line":65,"column":15}},"65":{"start":{"line":66,"column":0},"end":{"line":66,"column":15}},"66":{"start":{"line":67,"column":0},"end":{"line":67,"column":16}},"67":{"start":{"line":68,"column":0},"end":{"line":68,"column":15}},"68":{"start":{"line":69,"column":0},"end":{"line":69,"column":51}},"69":{"start":{"line":70,"column":0},"end":{"line":70,"column":28}},"70":{"start":{"line":71,"column":0},"end":{"line":71,"column":37}},"71":{"start":{"line":72,"column":0},"end":{"line":72,"column":37}},"72":{"start":{"line":73,"column":0},"end":{"line":73,"column":40}},"73":{"start":{"line":74,"column":0},"end":{"line":74,"column":41}},"74":{"start":{"line":75,"column":0},"end":{"line":75,"column":17}},"75":{"start":{"line":76,"column":0},"end":{"line":76,"column":13}},"76":{"start":{"line":77,"column":0},"end":{"line":77,"column":16}},"77":{"start":{"line":78,"column":0},"end":{"line":78,"column":14}},"78":{"start":{"line":79,"column":0},"end":{"line":79,"column":10}},"79":{"start":{"line":80,"column":0},"end":{"line":80,"column":4}},"80":{"start":{"line":81,"column":0},"end":{"line":81,"column":1}},"81":{"start":{"line":82,"column":0},"end":{"line":82,"column":0}},"82":{"start":{"line":83,"column":0},"end":{"line":83,"column":35}}},"s":{"0":1,"1":1,"2":1,"3":1,"4":1,"5":1,"6":1,"7":1,"8":1,"9":1,"10":1,"11":1,"12":3,"13":3,"14":3,"15":3,"16":3,"17":3,"18":3,"19":3,"20":3,"21":3,"22":3,"23":3,"24":3,"25":3,"26":3,"27":3,"28":0,"29":0,"30":0,"31":0,"32":0,"33":0,"34":0,"35":0,"36":0,"37":0,"38":0,"39":0,"40":0,"41":0,"42":0,"43":0,"44":0,"45":0,"46":3,"47":0,"48":0,"49":0,"50":0,"51":0,"52":0,"53":3,"54":3,"55":3,"56":3,"57":3,"58":3,"59":3,"60":3,"61":0,"62":0,"63":0,"64":3,"65":3,"66":3,"67":3,"68":3,"69":0,"70":0,"71":0,"72":0,"73":0,"74":0,"75":3,"76":3,"77":3,"78":3,"79":3,"80":3,"81":1,"82":1},"branchMap":{"0":{"type":"branch","line":13,"loc":{"start":{"line":13,"column":0},"end":{"line":81,"column":1}},"locations":[{"start":{"line":13,"column":0},"end":{"line":81,"column":1}}]},"1":{"type":"branch","line":28,"loc":{"start":{"line":28,"column":6},"end":{"line":47,"column":26}},"locations":[{"start":{"line":28,"column":6},"end":{"line":47,"column":26}}]},"2":{"type":"branch","line":69,"loc":{"start":{"line":69,"column":11},"end":{"line":69,"column":26}},"locations":[{"start":{"line":69,"column":11},"end":{"line":69,"column":26}}]},"3":{"type":"branch","line":17,"loc":{"start":{"line":17,"column":4},"end":{"line":19,"column":6}},"locations":[{"start":{"line":17,"column":4},"end":{"line":19,"column":6}}]}},"b":{"0":[3],"1":[0],"2":[0],"3":[3]},"fnMap":{"0":{"name":"ProducersMaxMinWins","decl":{"start":{"line":13,"column":0},"end":{"line":81,"column":1}},"loc":{"start":{"line":13,"column":0},"end":{"line":81,"column":1}},"line":13},"1":{"name":"getMaxMinInterval","decl":{"start":{"line":17,"column":4},"end":{"line":19,"column":6}},"loc":{"start":{"line":17,"column":4},"end":{"line":19,"column":6}},"line":17}},"f":{"0":3,"1":3}}
,"C:\\Users\\rafae\\Documents\\projects\\golden-raspberry-awards\\src\\pages\\Dashboard\\components\\WinnerByYear\\index.tsx": {"path":"C:\\Users\\rafae\\Documents\\projects\\golden-raspberry-awards\\src\\pages\\Dashboard\\components\\WinnerByYear\\index.tsx","all":false,"statementMap":{"0":{"start":{"line":1,"column":0},"end":{"line":1,"column":33}},"1":{"start":{"line":2,"column":0},"end":{"line":2,"column":61}},"2":{"start":{"line":3,"column":0},"end":{"line":3,"column":46}},"3":{"start":{"line":4,"column":0},"end":{"line":4,"column":26}},"4":{"start":{"line":5,"column":0},"end":{"line":5,"column":0}},"5":{"start":{"line":6,"column":0},"end":{"line":6,"column":25}},"6":{"start":{"line":7,"column":0},"end":{"line":7,"column":37}},"7":{"start":{"line":8,"column":0},"end":{"line":8,"column":51}},"8":{"start":{"line":9,"column":0},"end":{"line":9,"column":0}},"9":{"start":{"line":10,"column":0},"end":{"line":10,"column":31}},"10":{"start":{"line":11,"column":0},"end":{"line":11,"column":23}},"11":{"start":{"line":12,"column":0},"end":{"line":12,"column":21}},"12":{"start":{"line":13,"column":0},"end":{"line":13,"column":4}},"13":{"start":{"line":14,"column":0},"end":{"line":14,"column":0}},"14":{"start":{"line":15,"column":0},"end":{"line":15,"column":32}},"15":{"start":{"line":16,"column":0},"end":{"line":16,"column":71}},"16":{"start":{"line":17,"column":0},"end":{"line":17,"column":4}},"17":{"start":{"line":18,"column":0},"end":{"line":18,"column":0}},"18":{"start":{"line":19,"column":0},"end":{"line":19,"column":10}},"19":{"start":{"line":20,"column":0},"end":{"line":20,"column":34}},"20":{"start":{"line":21,"column":0},"end":{"line":21,"column":43}},"21":{"start":{"line":22,"column":0},"end":{"line":22,"column":65}},"22":{"start":{"line":23,"column":0},"end":{"line":23,"column":12}},"23":{"start":{"line":24,"column":0},"end":{"line":24,"column":38}},"24":{"start":{"line":25,"column":0},"end":{"line":25,"column":105}},"25":{"start":{"line":26,"column":0},"end":{"line":26,"column":12}},"26":{"start":{"line":27,"column":0},"end":{"line":27,"column":33}},"27":{"start":{"line":28,"column":0},"end":{"line":28,"column":15}},"28":{"start":{"line":29,"column":0},"end":{"line":29,"column":14}},"29":{"start":{"line":30,"column":0},"end":{"line":30,"column":23}},"30":{"start":{"line":31,"column":0},"end":{"line":31,"column":25}},"31":{"start":{"line":32,"column":0},"end":{"line":32,"column":26}},"32":{"start":{"line":33,"column":0},"end":{"line":33,"column":15}},"33":{"start":{"line":34,"column":0},"end":{"line":34,"column":16}},"34":{"start":{"line":35,"column":0},"end":{"line":35,"column":15}},"35":{"start":{"line":36,"column":0},"end":{"line":36,"column":37}},"36":{"start":{"line":37,"column":0},"end":{"line":37,"column":28}},"37":{"start":{"line":38,"column":0},"end":{"line":38,"column":30}},"38":{"start":{"line":39,"column":0},"end":{"line":39,"column":32}},"39":{"start":{"line":40,"column":0},"end":{"line":40,"column":33}},"40":{"start":{"line":41,"column":0},"end":{"line":41,"column":17}},"41":{"start":{"line":42,"column":0},"end":{"line":42,"column":13}},"42":{"start":{"line":43,"column":0},"end":{"line":43,"column":16}},"43":{"start":{"line":44,"column":0},"end":{"line":44,"column":14}},"44":{"start":{"line":45,"column":0},"end":{"line":45,"column":10}},"45":{"start":{"line":46,"column":0},"end":{"line":46,"column":4}},"46":{"start":{"line":47,"column":0},"end":{"line":47,"column":1}},"47":{"start":{"line":48,"column":0},"end":{"line":48,"column":0}},"48":{"start":{"line":49,"column":0},"end":{"line":49,"column":28}}},"s":{"0":1,"1":1,"2":1,"3":1,"4":1,"5":5,"6":5,"7":5,"8":5,"9":5,"10":0,"11":0,"12":0,"13":5,"14":5,"15":0,"16":0,"17":5,"18":5,"19":5,"20":5,"21":5,"22":5,"23":5,"24":5,"25":5,"26":5,"27":5,"28":5,"29":5,"30":5,"31":5,"32":5,"33":5,"34":5,"35":5,"36":0,"37":0,"38":0,"39":0,"40":0,"41":5,"42":5,"43":5,"44":5,"45":5,"46":5,"47":1,"48":1},"branchMap":{"0":{"type":"branch","line":6,"loc":{"start":{"line":6,"column":0},"end":{"line":47,"column":1}},"locations":[{"start":{"line":6,"column":0},"end":{"line":47,"column":1}}]},"1":{"type":"branch","line":36,"loc":{"start":{"line":36,"column":11},"end":{"line":36,"column":21}},"locations":[{"start":{"line":36,"column":11},"end":{"line":36,"column":21}}]}},"b":{"0":[5],"1":[0]},"fnMap":{"0":{"name":"WinnerByYear","decl":{"start":{"line":6,"column":0},"end":{"line":47,"column":1}},"loc":{"start":{"line":6,"column":0},"end":{"line":47,"column":1}},"line":6},"1":{"name":"handleSubmit","decl":{"start":{"line":10,"column":23},"end":{"line":13,"column":4}},"loc":{"start":{"line":10,"column":23},"end":{"line":13,"column":4}},"line":10},"2":{"name":"getMovieByYear","decl":{"start":{"line":15,"column":25},"end":{"line":17,"column":4}},"loc":{"start":{"line":15,"column":25},"end":{"line":17,"column":4}},"line":15}},"f":{"0":5,"1":0,"2":0}}
,"C:\\Users\\rafae\\Documents\\projects\\golden-raspberry-awards\\src\\pages\\Dashboard\\components\\WinnersMultipleTable\\index.tsx": {"path":"C:\\Users\\rafae\\Documents\\projects\\golden-raspberry-awards\\src\\pages\\Dashboard\\components\\WinnersMultipleTable\\index.tsx","all":false,"statementMap":{"0":{"start":{"line":1,"column":0},"end":{"line":1,"column":34}},"1":{"start":{"line":2,"column":0},"end":{"line":2,"column":46}},"2":{"start":{"line":3,"column":0},"end":{"line":3,"column":53}},"3":{"start":{"line":4,"column":0},"end":{"line":4,"column":26}},"4":{"start":{"line":5,"column":0},"end":{"line":5,"column":0}},"5":{"start":{"line":6,"column":0},"end":{"line":6,"column":33}},"6":{"start":{"line":7,"column":0},"end":{"line":7,"column":53}},"7":{"start":{"line":8,"column":0},"end":{"line":8,"column":0}},"8":{"start":{"line":9,"column":0},"end":{"line":9,"column":12}},"9":{"start":{"line":10,"column":0},"end":{"line":10,"column":42}},"10":{"start":{"line":11,"column":0},"end":{"line":11,"column":79}},"11":{"start":{"line":12,"column":0},"end":{"line":12,"column":6}},"12":{"start":{"line":13,"column":0},"end":{"line":13,"column":59}},"13":{"start":{"line":14,"column":0},"end":{"line":14,"column":6}},"14":{"start":{"line":15,"column":0},"end":{"line":15,"column":4}},"15":{"start":{"line":16,"column":0},"end":{"line":16,"column":0}},"16":{"start":{"line":17,"column":0},"end":{"line":17,"column":14}},"17":{"start":{"line":18,"column":0},"end":{"line":18,"column":12}},"18":{"start":{"line":19,"column":0},"end":{"line":19,"column":33}},"19":{"start":{"line":20,"column":0},"end":{"line":20,"column":19}},"20":{"start":{"line":21,"column":0},"end":{"line":21,"column":10}},"21":{"start":{"line":22,"column":0},"end":{"line":22,"column":6}},"22":{"start":{"line":23,"column":0},"end":{"line":23,"column":60}},"23":{"start":{"line":24,"column":0},"end":{"line":24,"column":0}},"24":{"start":{"line":25,"column":0},"end":{"line":25,"column":10}},"25":{"start":{"line":26,"column":0},"end":{"line":26,"column":71}},"26":{"start":{"line":27,"column":0},"end":{"line":27,"column":43}},"27":{"start":{"line":28,"column":0},"end":{"line":28,"column":71}},"28":{"start":{"line":29,"column":0},"end":{"line":29,"column":12}},"29":{"start":{"line":30,"column":0},"end":{"line":30,"column":35}},"30":{"start":{"line":31,"column":0},"end":{"line":31,"column":15}},"31":{"start":{"line":32,"column":0},"end":{"line":32,"column":14}},"32":{"start":{"line":33,"column":0},"end":{"line":33,"column":25}},"33":{"start":{"line":34,"column":0},"end":{"line":34,"column":30}},"34":{"start":{"line":35,"column":0},"end":{"line":35,"column":15}},"35":{"start":{"line":36,"column":0},"end":{"line":36,"column":16}},"36":{"start":{"line":37,"column":0},"end":{"line":37,"column":15}},"37":{"start":{"line":38,"column":0},"end":{"line":38,"column":52}},"38":{"start":{"line":39,"column":0},"end":{"line":39,"column":28}},"39":{"start":{"line":40,"column":0},"end":{"line":40,"column":32}},"40":{"start":{"line":41,"column":0},"end":{"line":41,"column":39}},"41":{"start":{"line":42,"column":0},"end":{"line":42,"column":17}},"42":{"start":{"line":43,"column":0},"end":{"line":43,"column":13}},"43":{"start":{"line":44,"column":0},"end":{"line":44,"column":16}},"44":{"start":{"line":45,"column":0},"end":{"line":45,"column":14}},"45":{"start":{"line":46,"column":0},"end":{"line":46,"column":10}},"46":{"start":{"line":47,"column":0},"end":{"line":47,"column":4}},"47":{"start":{"line":48,"column":0},"end":{"line":48,"column":1}},"48":{"start":{"line":49,"column":0},"end":{"line":49,"column":0}},"49":{"start":{"line":50,"column":0},"end":{"line":50,"column":36}}},"s":{"0":1,"1":1,"2":1,"3":1,"4":1,"5":5,"6":5,"7":5,"8":5,"9":5,"10":3,"11":3,"12":5,"13":5,"14":5,"15":5,"16":5,"17":5,"18":3,"19":3,"20":3,"21":0,"22":0,"23":0,"24":0,"25":0,"26":0,"27":0,"28":0,"29":0,"30":0,"31":0,"32":0,"33":0,"34":0,"35":0,"36":0,"37":5,"38":0,"39":0,"40":0,"41":0,"42":5,"43":5,"44":5,"45":5,"46":5,"47":5,"48":1,"49":1},"branchMap":{"0":{"type":"branch","line":6,"loc":{"start":{"line":6,"column":0},"end":{"line":48,"column":1}},"locations":[{"start":{"line":6,"column":0},"end":{"line":48,"column":1}}]},"1":{"type":"branch","line":18,"loc":{"start":{"line":18,"column":4},"end":{"line":21,"column":10}},"locations":[{"start":{"line":18,"column":4},"end":{"line":21,"column":10}}]},"2":{"type":"branch","line":21,"loc":{"start":{"line":21,"column":6},"end":{"line":38,"column":28}},"locations":[{"start":{"line":21,"column":6},"end":{"line":38,"column":28}}]},"3":{"type":"branch","line":10,"loc":{"start":{"line":10,"column":4},"end":{"line":12,"column":6}},"locations":[{"start":{"line":10,"column":4},"end":{"line":12,"column":6}}]}},"b":{"0":[5],"1":[3],"2":[0],"3":[3]},"fnMap":{"0":{"name":"WinnersMultipleTable","decl":{"start":{"line":6,"column":0},"end":{"line":48,"column":1}},"loc":{"start":{"line":6,"column":0},"end":{"line":48,"column":1}},"line":6},"1":{"name":"getMultipleWinnersPerYear","decl":{"start":{"line":10,"column":4},"end":{"line":12,"column":6}},"loc":{"start":{"line":10,"column":4},"end":{"line":12,"column":6}},"line":10}},"f":{"0":5,"1":3}}
,"C:\\Users\\rafae\\Documents\\projects\\golden-raspberry-awards\\src\\pages\\Dashboard\\components\\WinnersStudiosTable\\index.tsx": {"path":"C:\\Users\\rafae\\Documents\\projects\\golden-raspberry-awards\\src\\pages\\Dashboard\\components\\WinnersStudiosTable\\index.tsx","all":false,"statementMap":{"0":{"start":{"line":1,"column":0},"end":{"line":1,"column":34}},"1":{"start":{"line":2,"column":0},"end":{"line":2,"column":46}},"2":{"start":{"line":3,"column":0},"end":{"line":3,"column":26}},"3":{"start":{"line":4,"column":0},"end":{"line":4,"column":0}},"4":{"start":{"line":5,"column":0},"end":{"line":5,"column":29}},"5":{"start":{"line":6,"column":0},"end":{"line":6,"column":0}},"6":{"start":{"line":7,"column":0},"end":{"line":7,"column":33}},"7":{"start":{"line":8,"column":0},"end":{"line":8,"column":53}},"8":{"start":{"line":9,"column":0},"end":{"line":9,"column":0}},"9":{"start":{"line":10,"column":0},"end":{"line":10,"column":50}},"10":{"start":{"line":11,"column":0},"end":{"line":11,"column":61}},"11":{"start":{"line":12,"column":0},"end":{"line":12,"column":9}},"12":{"start":{"line":13,"column":0},"end":{"line":13,"column":0}},"13":{"start":{"line":14,"column":0},"end":{"line":14,"column":45}},"14":{"start":{"line":15,"column":0},"end":{"line":15,"column":60}},"15":{"start":{"line":16,"column":0},"end":{"line":16,"column":0}},"16":{"start":{"line":17,"column":0},"end":{"line":17,"column":10}},"17":{"start":{"line":18,"column":0},"end":{"line":18,"column":34}},"18":{"start":{"line":19,"column":0},"end":{"line":19,"column":43}},"19":{"start":{"line":20,"column":0},"end":{"line":20,"column":89}},"20":{"start":{"line":21,"column":0},"end":{"line":21,"column":12}},"21":{"start":{"line":22,"column":0},"end":{"line":22,"column":41}},"22":{"start":{"line":23,"column":0},"end":{"line":23,"column":15}},"23":{"start":{"line":24,"column":0},"end":{"line":24,"column":14}},"24":{"start":{"line":25,"column":0},"end":{"line":25,"column":25}},"25":{"start":{"line":26,"column":0},"end":{"line":26,"column":30}},"26":{"start":{"line":27,"column":0},"end":{"line":27,"column":15}},"27":{"start":{"line":28,"column":0},"end":{"line":28,"column":16}},"28":{"start":{"line":29,"column":0},"end":{"line":29,"column":15}},"29":{"start":{"line":30,"column":0},"end":{"line":30,"column":24}},"30":{"start":{"line":31,"column":0},"end":{"line":31,"column":53}},"31":{"start":{"line":32,"column":0},"end":{"line":32,"column":41}},"32":{"start":{"line":33,"column":0},"end":{"line":33,"column":33}},"33":{"start":{"line":34,"column":0},"end":{"line":34,"column":30}},"34":{"start":{"line":35,"column":0},"end":{"line":35,"column":34}},"35":{"start":{"line":36,"column":0},"end":{"line":36,"column":38}},"36":{"start":{"line":37,"column":0},"end":{"line":37,"column":19}},"37":{"start":{"line":38,"column":0},"end":{"line":38,"column":15}},"38":{"start":{"line":39,"column":0},"end":{"line":39,"column":16}},"39":{"start":{"line":40,"column":0},"end":{"line":40,"column":14}},"40":{"start":{"line":41,"column":0},"end":{"line":41,"column":10}},"41":{"start":{"line":42,"column":0},"end":{"line":42,"column":4}},"42":{"start":{"line":43,"column":0},"end":{"line":43,"column":1}},"43":{"start":{"line":44,"column":0},"end":{"line":44,"column":0}},"44":{"start":{"line":45,"column":0},"end":{"line":45,"column":36}}},"s":{"0":1,"1":1,"2":1,"3":1,"4":1,"5":1,"6":3,"7":3,"8":3,"9":3,"10":3,"11":3,"12":3,"13":3,"14":0,"15":0,"16":0,"17":0,"18":0,"19":0,"20":0,"21":0,"22":0,"23":0,"24":0,"25":0,"26":0,"27":0,"28":0,"29":0,"30":3,"31":3,"32":3,"33":0,"34":0,"35":0,"36":0,"37":3,"38":3,"39":3,"40":3,"41":3,"42":3,"43":1,"44":1},"branchMap":{"0":{"type":"branch","line":7,"loc":{"start":{"line":7,"column":0},"end":{"line":43,"column":1}},"locations":[{"start":{"line":7,"column":0},"end":{"line":43,"column":1}}]},"1":{"type":"branch","line":14,"loc":{"start":{"line":14,"column":40},"end":{"line":31,"column":19}},"locations":[{"start":{"line":14,"column":40},"end":{"line":31,"column":19}}]},"2":{"type":"branch","line":10,"loc":{"start":{"line":10,"column":12},"end":{"line":12,"column":5}},"locations":[{"start":{"line":10,"column":12},"end":{"line":12,"column":5}}]}},"b":{"0":[3],"1":[0],"2":[3]},"fnMap":{"0":{"name":"WinnersMultipleTable","decl":{"start":{"line":7,"column":0},"end":{"line":43,"column":1}},"loc":{"start":{"line":7,"column":0},"end":{"line":43,"column":1}},"line":7},"1":{"name":"getMultipleWinnersPerYear","decl":{"start":{"line":10,"column":12},"end":{"line":12,"column":5}},"loc":{"start":{"line":10,"column":12},"end":{"line":12,"column":5}},"line":10}},"f":{"0":3,"1":3}}
,"C:\\Users\\rafae\\Documents\\projects\\golden-raspberry-awards\\src\\pages\\List\\index.tsx": {"path":"C:\\Users\\rafae\\Documents\\projects\\golden-raspberry-awards\\src\\pages\\List\\index.tsx","all":false,"statementMap":{"0":{"start":{"line":1,"column":0},"end":{"line":1,"column":44}},"1":{"start":{"line":2,"column":0},"end":{"line":2,"column":40}},"2":{"start":{"line":3,"column":0},"end":{"line":3,"column":69}},"3":{"start":{"line":4,"column":0},"end":{"line":4,"column":63}},"4":{"start":{"line":5,"column":0},"end":{"line":5,"column":49}},"5":{"start":{"line":6,"column":0},"end":{"line":6,"column":53}},"6":{"start":{"line":7,"column":0},"end":{"line":7,"column":22}},"7":{"start":{"line":8,"column":0},"end":{"line":8,"column":0}},"8":{"start":{"line":9,"column":0},"end":{"line":9,"column":17}},"9":{"start":{"line":10,"column":0},"end":{"line":10,"column":53}},"10":{"start":{"line":11,"column":0},"end":{"line":11,"column":52}},"11":{"start":{"line":12,"column":0},"end":{"line":12,"column":61}},"12":{"start":{"line":13,"column":0},"end":{"line":13,"column":49}},"13":{"start":{"line":14,"column":0},"end":{"line":14,"column":0}},"14":{"start":{"line":15,"column":0},"end":{"line":15,"column":41}},"15":{"start":{"line":16,"column":0},"end":{"line":16,"column":37}},"16":{"start":{"line":17,"column":0},"end":{"line":17,"column":77}},"17":{"start":{"line":18,"column":0},"end":{"line":18,"column":89}},"18":{"start":{"line":19,"column":0},"end":{"line":19,"column":4}},"19":{"start":{"line":20,"column":0},"end":{"line":20,"column":0}},"20":{"start":{"line":21,"column":0},"end":{"line":21,"column":12}},"21":{"start":{"line":22,"column":0},"end":{"line":22,"column":36}},"22":{"start":{"line":23,"column":0},"end":{"line":23,"column":59}},"23":{"start":{"line":24,"column":0},"end":{"line":24,"column":102}},"24":{"start":{"line":25,"column":0},"end":{"line":25,"column":6}},"25":{"start":{"line":26,"column":0},"end":{"line":26,"column":59}},"26":{"start":{"line":27,"column":0},"end":{"line":27,"column":45}},"27":{"start":{"line":28,"column":0},"end":{"line":28,"column":4}},"28":{"start":{"line":29,"column":0},"end":{"line":29,"column":0}},"29":{"start":{"line":30,"column":0},"end":{"line":30,"column":60}},"30":{"start":{"line":31,"column":0},"end":{"line":31,"column":0}},"31":{"start":{"line":32,"column":0},"end":{"line":32,"column":10}},"32":{"start":{"line":33,"column":0},"end":{"line":33,"column":39}},"33":{"start":{"line":34,"column":0},"end":{"line":34,"column":42}},"34":{"start":{"line":35,"column":0},"end":{"line":35,"column":55}},"35":{"start":{"line":36,"column":0},"end":{"line":36,"column":12}},"36":{"start":{"line":37,"column":0},"end":{"line":37,"column":13}},"37":{"start":{"line":38,"column":0},"end":{"line":38,"column":15}},"38":{"start":{"line":39,"column":0},"end":{"line":39,"column":14}},"39":{"start":{"line":40,"column":0},"end":{"line":40,"column":23}},"40":{"start":{"line":41,"column":0},"end":{"line":41,"column":31}},"41":{"start":{"line":42,"column":0},"end":{"line":42,"column":42}},"42":{"start":{"line":43,"column":0},"end":{"line":43,"column":33}},"43":{"start":{"line":44,"column":0},"end":{"line":44,"column":83}},"44":{"start":{"line":45,"column":0},"end":{"line":45,"column":20}},"45":{"start":{"line":46,"column":0},"end":{"line":46,"column":17}},"46":{"start":{"line":47,"column":0},"end":{"line":47,"column":26}},"47":{"start":{"line":48,"column":0},"end":{"line":48,"column":16}},"48":{"start":{"line":49,"column":0},"end":{"line":49,"column":42}},"49":{"start":{"line":50,"column":0},"end":{"line":50,"column":36}},"50":{"start":{"line":51,"column":0},"end":{"line":51,"column":92}},"51":{"start":{"line":52,"column":0},"end":{"line":52,"column":20}},"52":{"start":{"line":53,"column":0},"end":{"line":53,"column":17}},"53":{"start":{"line":54,"column":0},"end":{"line":54,"column":15}},"54":{"start":{"line":55,"column":0},"end":{"line":55,"column":16}},"55":{"start":{"line":56,"column":0},"end":{"line":56,"column":15}},"56":{"start":{"line":57,"column":0},"end":{"line":57,"column":42}},"57":{"start":{"line":58,"column":0},"end":{"line":58,"column":31}},"58":{"start":{"line":59,"column":0},"end":{"line":59,"column":33}},"59":{"start":{"line":60,"column":0},"end":{"line":60,"column":35}},"60":{"start":{"line":61,"column":0},"end":{"line":61,"column":36}},"61":{"start":{"line":62,"column":0},"end":{"line":62,"column":52}},"62":{"start":{"line":63,"column":0},"end":{"line":63,"column":17}},"63":{"start":{"line":64,"column":0},"end":{"line":64,"column":13}},"64":{"start":{"line":65,"column":0},"end":{"line":65,"column":16}},"65":{"start":{"line":66,"column":0},"end":{"line":66,"column":14}},"66":{"start":{"line":67,"column":0},"end":{"line":67,"column":36}},"67":{"start":{"line":68,"column":0},"end":{"line":68,"column":110}},"68":{"start":{"line":69,"column":0},"end":{"line":69,"column":12}},"69":{"start":{"line":70,"column":0},"end":{"line":70,"column":38}},"70":{"start":{"line":71,"column":0},"end":{"line":71,"column":10}},"71":{"start":{"line":72,"column":0},"end":{"line":72,"column":4}},"72":{"start":{"line":73,"column":0},"end":{"line":73,"column":1}},"73":{"start":{"line":74,"column":0},"end":{"line":74,"column":0}},"74":{"start":{"line":75,"column":0},"end":{"line":75,"column":20}}},"s":{"0":1,"1":1,"2":1,"3":1,"4":1,"5":1,"6":1,"7":1,"8":6,"9":6,"10":6,"11":6,"12":6,"13":6,"14":6,"15":0,"16":0,"17":0,"18":0,"19":6,"20":6,"21":6,"22":4,"23":4,"24":4,"25":6,"26":6,"27":6,"28":6,"29":6,"30":6,"31":6,"32":6,"33":6,"34":6,"35":6,"36":6,"37":6,"38":6,"39":6,"40":6,"41":6,"42":6,"43":6,"44":6,"45":6,"46":6,"47":6,"48":6,"49":6,"50":6,"51":6,"52":6,"53":6,"54":6,"55":6,"56":6,"57":0,"58":0,"59":0,"60":0,"61":0,"62":0,"63":6,"64":6,"65":6,"66":6,"67":6,"68":6,"69":6,"70":6,"71":6,"72":6,"73":1,"74":1},"branchMap":{"0":{"type":"branch","line":9,"loc":{"start":{"line":9,"column":0},"end":{"line":73,"column":1}},"locations":[{"start":{"line":9,"column":0},"end":{"line":73,"column":1}}]},"1":{"type":"branch","line":30,"loc":{"start":{"line":30,"column":13},"end":{"line":30,"column":60}},"locations":[{"start":{"line":30,"column":13},"end":{"line":30,"column":60}}]},"2":{"type":"branch","line":57,"loc":{"start":{"line":57,"column":11},"end":{"line":57,"column":30}},"locations":[{"start":{"line":57,"column":11},"end":{"line":57,"column":30}}]},"3":{"type":"branch","line":68,"loc":{"start":{"line":68,"column":90},"end":{"line":68,"column":108}},"locations":[{"start":{"line":68,"column":90},"end":{"line":68,"column":108}}]},"4":{"type":"branch","line":22,"loc":{"start":{"line":22,"column":4},"end":{"line":25,"column":6}},"locations":[{"start":{"line":22,"column":4},"end":{"line":25,"column":6}}]}},"b":{"0":[6],"1":[0],"2":[0],"3":[0],"4":[4]},"fnMap":{"0":{"name":"List","decl":{"start":{"line":9,"column":0},"end":{"line":73,"column":1}},"loc":{"start":{"line":9,"column":0},"end":{"line":73,"column":1}},"line":9},"1":{"name":"handleSearchByYear","decl":{"start":{"line":15,"column":29},"end":{"line":19,"column":4}},"loc":{"start":{"line":15,"column":29},"end":{"line":19,"column":4}},"line":15},"2":{"name":"getListMoviesByYear","decl":{"start":{"line":22,"column":4},"end":{"line":25,"column":6}},"loc":{"start":{"line":22,"column":4},"end":{"line":25,"column":6}},"line":22}},"f":{"0":6,"1":0,"2":4}}
}
